

Started GET "/" for 192.168.1.5 at 2013-09-02 21:23:57 +0900
Processing by Rails::WelcomeController#index as HTML
  Rendered /home/thomas/.rvm/gems/ruby-2.0.0-p247@railstutorial_rails_4_0/gems/railties-4.0.0/lib/rails/templates/rails/welcome/index.html.erb (1.5ms)
Completed 200 OK in 28ms (Views: 27.0ms | ActiveRecord: 0.0ms)


Started GET "/users" for 10.0.3.2 at 2013-09-03 11:39:16 +0900

ActionController::RoutingError (No route matches [GET] "/users"):
  actionpack (4.0.0) lib/action_dispatch/middleware/debug_exceptions.rb:21:in `call'
  actionpack (4.0.0) lib/action_dispatch/middleware/show_exceptions.rb:30:in `call'
  railties (4.0.0) lib/rails/rack/logger.rb:38:in `call_app'
  railties (4.0.0) lib/rails/rack/logger.rb:21:in `block in call'
  activesupport (4.0.0) lib/active_support/tagged_logging.rb:67:in `block in tagged'
  activesupport (4.0.0) lib/active_support/tagged_logging.rb:25:in `tagged'
  activesupport (4.0.0) lib/active_support/tagged_logging.rb:67:in `tagged'
  railties (4.0.0) lib/rails/rack/logger.rb:21:in `call'
  actionpack (4.0.0) lib/action_dispatch/middleware/request_id.rb:21:in `call'
  rack (1.5.2) lib/rack/methodoverride.rb:21:in `call'
  rack (1.5.2) lib/rack/runtime.rb:17:in `call'
  activesupport (4.0.0) lib/active_support/cache/strategy/local_cache.rb:83:in `call'
  rack (1.5.2) lib/rack/lock.rb:17:in `call'
  actionpack (4.0.0) lib/action_dispatch/middleware/static.rb:64:in `call'
  railties (4.0.0) lib/rails/engine.rb:511:in `call'
  railties (4.0.0) lib/rails/application.rb:97:in `call'
  rack (1.5.2) lib/rack/lock.rb:17:in `call'
  rack (1.5.2) lib/rack/content_length.rb:14:in `call'
  rack (1.5.2) lib/rack/handler/webrick.rb:60:in `service'
  /home/thomas/.rvm/rubies/ruby-2.0.0-p247/lib/ruby/2.0.0/webrick/httpserver.rb:138:in `service'
  /home/thomas/.rvm/rubies/ruby-2.0.0-p247/lib/ruby/2.0.0/webrick/httpserver.rb:94:in `run'
  /home/thomas/.rvm/rubies/ruby-2.0.0-p247/lib/ruby/2.0.0/webrick/server.rb:295:in `block in start_thread'


  Rendered /home/thomas/.rvm/gems/ruby-2.0.0-p247@railstutorial_rails_4_0/gems/actionpack-4.0.0/lib/action_dispatch/middleware/templates/rescues/_trace.erb (1.2ms)
  Rendered /home/thomas/.rvm/gems/ruby-2.0.0-p247@railstutorial_rails_4_0/gems/actionpack-4.0.0/lib/action_dispatch/middleware/templates/routes/_route.html.erb (0.7ms)
  Rendered /home/thomas/.rvm/gems/ruby-2.0.0-p247@railstutorial_rails_4_0/gems/actionpack-4.0.0/lib/action_dispatch/middleware/templates/routes/_table.html.erb (15.2ms)
  Rendered /home/thomas/.rvm/gems/ruby-2.0.0-p247@railstutorial_rails_4_0/gems/actionpack-4.0.0/lib/action_dispatch/middleware/templates/rescues/routing_error.erb within rescues/layout (40.4ms)


Started GET "/home" for 10.0.3.2 at 2013-09-03 11:39:21 +0900

ActionController::RoutingError (No route matches [GET] "/home"):
  actionpack (4.0.0) lib/action_dispatch/middleware/debug_exceptions.rb:21:in `call'
  actionpack (4.0.0) lib/action_dispatch/middleware/show_exceptions.rb:30:in `call'
  railties (4.0.0) lib/rails/rack/logger.rb:38:in `call_app'
  railties (4.0.0) lib/rails/rack/logger.rb:21:in `block in call'
  activesupport (4.0.0) lib/active_support/tagged_logging.rb:67:in `block in tagged'
  activesupport (4.0.0) lib/active_support/tagged_logging.rb:25:in `tagged'
  activesupport (4.0.0) lib/active_support/tagged_logging.rb:67:in `tagged'
  railties (4.0.0) lib/rails/rack/logger.rb:21:in `call'
  actionpack (4.0.0) lib/action_dispatch/middleware/request_id.rb:21:in `call'
  rack (1.5.2) lib/rack/methodoverride.rb:21:in `call'
  rack (1.5.2) lib/rack/runtime.rb:17:in `call'
  activesupport (4.0.0) lib/active_support/cache/strategy/local_cache.rb:83:in `call'
  rack (1.5.2) lib/rack/lock.rb:17:in `call'
  actionpack (4.0.0) lib/action_dispatch/middleware/static.rb:64:in `call'
  railties (4.0.0) lib/rails/engine.rb:511:in `call'
  railties (4.0.0) lib/rails/application.rb:97:in `call'
  rack (1.5.2) lib/rack/lock.rb:17:in `call'
  rack (1.5.2) lib/rack/content_length.rb:14:in `call'
  rack (1.5.2) lib/rack/handler/webrick.rb:60:in `service'
  /home/thomas/.rvm/rubies/ruby-2.0.0-p247/lib/ruby/2.0.0/webrick/httpserver.rb:138:in `service'
  /home/thomas/.rvm/rubies/ruby-2.0.0-p247/lib/ruby/2.0.0/webrick/httpserver.rb:94:in `run'
  /home/thomas/.rvm/rubies/ruby-2.0.0-p247/lib/ruby/2.0.0/webrick/server.rb:295:in `block in start_thread'


  Rendered /home/thomas/.rvm/gems/ruby-2.0.0-p247@railstutorial_rails_4_0/gems/actionpack-4.0.0/lib/action_dispatch/middleware/templates/rescues/_trace.erb (1.2ms)
  Rendered /home/thomas/.rvm/gems/ruby-2.0.0-p247@railstutorial_rails_4_0/gems/actionpack-4.0.0/lib/action_dispatch/middleware/templates/routes/_route.html.erb (1.0ms)
  Rendered /home/thomas/.rvm/gems/ruby-2.0.0-p247@railstutorial_rails_4_0/gems/actionpack-4.0.0/lib/action_dispatch/middleware/templates/routes/_table.html.erb (1.5ms)
  Rendered /home/thomas/.rvm/gems/ruby-2.0.0-p247@railstutorial_rails_4_0/gems/actionpack-4.0.0/lib/action_dispatch/middleware/templates/rescues/routing_error.erb within rescues/layout (17.4ms)


Started GET "/users" for 10.0.3.2 at 2013-09-03 11:39:26 +0900

ActionController::RoutingError (No route matches [GET] "/users"):
  actionpack (4.0.0) lib/action_dispatch/middleware/debug_exceptions.rb:21:in `call'
  actionpack (4.0.0) lib/action_dispatch/middleware/show_exceptions.rb:30:in `call'
  railties (4.0.0) lib/rails/rack/logger.rb:38:in `call_app'
  railties (4.0.0) lib/rails/rack/logger.rb:21:in `block in call'
  activesupport (4.0.0) lib/active_support/tagged_logging.rb:67:in `block in tagged'
  activesupport (4.0.0) lib/active_support/tagged_logging.rb:25:in `tagged'
  activesupport (4.0.0) lib/active_support/tagged_logging.rb:67:in `tagged'
  railties (4.0.0) lib/rails/rack/logger.rb:21:in `call'
  actionpack (4.0.0) lib/action_dispatch/middleware/request_id.rb:21:in `call'
  rack (1.5.2) lib/rack/methodoverride.rb:21:in `call'
  rack (1.5.2) lib/rack/runtime.rb:17:in `call'
  activesupport (4.0.0) lib/active_support/cache/strategy/local_cache.rb:83:in `call'
  rack (1.5.2) lib/rack/lock.rb:17:in `call'
  actionpack (4.0.0) lib/action_dispatch/middleware/static.rb:64:in `call'
  railties (4.0.0) lib/rails/engine.rb:511:in `call'
  railties (4.0.0) lib/rails/application.rb:97:in `call'
  rack (1.5.2) lib/rack/lock.rb:17:in `call'
  rack (1.5.2) lib/rack/content_length.rb:14:in `call'
  rack (1.5.2) lib/rack/handler/webrick.rb:60:in `service'
  /home/thomas/.rvm/rubies/ruby-2.0.0-p247/lib/ruby/2.0.0/webrick/httpserver.rb:138:in `service'
  /home/thomas/.rvm/rubies/ruby-2.0.0-p247/lib/ruby/2.0.0/webrick/httpserver.rb:94:in `run'
  /home/thomas/.rvm/rubies/ruby-2.0.0-p247/lib/ruby/2.0.0/webrick/server.rb:295:in `block in start_thread'


  Rendered /home/thomas/.rvm/gems/ruby-2.0.0-p247@railstutorial_rails_4_0/gems/actionpack-4.0.0/lib/action_dispatch/middleware/templates/rescues/_trace.erb (1.1ms)
  Rendered /home/thomas/.rvm/gems/ruby-2.0.0-p247@railstutorial_rails_4_0/gems/actionpack-4.0.0/lib/action_dispatch/middleware/templates/routes/_route.html.erb (0.8ms)
  Rendered /home/thomas/.rvm/gems/ruby-2.0.0-p247@railstutorial_rails_4_0/gems/actionpack-4.0.0/lib/action_dispatch/middleware/templates/routes/_table.html.erb (1.2ms)
  Rendered /home/thomas/.rvm/gems/ruby-2.0.0-p247@railstutorial_rails_4_0/gems/actionpack-4.0.0/lib/action_dispatch/middleware/templates/rescues/routing_error.erb within rescues/layout (18.4ms)


Started GET "/static_pages/users" for 10.0.3.2 at 2013-09-03 11:39:42 +0900

ActionController::RoutingError (No route matches [GET] "/static_pages/users"):
  actionpack (4.0.0) lib/action_dispatch/middleware/debug_exceptions.rb:21:in `call'
  actionpack (4.0.0) lib/action_dispatch/middleware/show_exceptions.rb:30:in `call'
  railties (4.0.0) lib/rails/rack/logger.rb:38:in `call_app'
  railties (4.0.0) lib/rails/rack/logger.rb:21:in `block in call'
  activesupport (4.0.0) lib/active_support/tagged_logging.rb:67:in `block in tagged'
  activesupport (4.0.0) lib/active_support/tagged_logging.rb:25:in `tagged'
  activesupport (4.0.0) lib/active_support/tagged_logging.rb:67:in `tagged'
  railties (4.0.0) lib/rails/rack/logger.rb:21:in `call'
  actionpack (4.0.0) lib/action_dispatch/middleware/request_id.rb:21:in `call'
  rack (1.5.2) lib/rack/methodoverride.rb:21:in `call'
  rack (1.5.2) lib/rack/runtime.rb:17:in `call'
  activesupport (4.0.0) lib/active_support/cache/strategy/local_cache.rb:83:in `call'
  rack (1.5.2) lib/rack/lock.rb:17:in `call'
  actionpack (4.0.0) lib/action_dispatch/middleware/static.rb:64:in `call'
  railties (4.0.0) lib/rails/engine.rb:511:in `call'
  railties (4.0.0) lib/rails/application.rb:97:in `call'
  rack (1.5.2) lib/rack/lock.rb:17:in `call'
  rack (1.5.2) lib/rack/content_length.rb:14:in `call'
  rack (1.5.2) lib/rack/handler/webrick.rb:60:in `service'
  /home/thomas/.rvm/rubies/ruby-2.0.0-p247/lib/ruby/2.0.0/webrick/httpserver.rb:138:in `service'
  /home/thomas/.rvm/rubies/ruby-2.0.0-p247/lib/ruby/2.0.0/webrick/httpserver.rb:94:in `run'
  /home/thomas/.rvm/rubies/ruby-2.0.0-p247/lib/ruby/2.0.0/webrick/server.rb:295:in `block in start_thread'


  Rendered /home/thomas/.rvm/gems/ruby-2.0.0-p247@railstutorial_rails_4_0/gems/actionpack-4.0.0/lib/action_dispatch/middleware/templates/rescues/_trace.erb (24.3ms)
  Rendered /home/thomas/.rvm/gems/ruby-2.0.0-p247@railstutorial_rails_4_0/gems/actionpack-4.0.0/lib/action_dispatch/middleware/templates/routes/_route.html.erb (0.9ms)
  Rendered /home/thomas/.rvm/gems/ruby-2.0.0-p247@railstutorial_rails_4_0/gems/actionpack-4.0.0/lib/action_dispatch/middleware/templates/routes/_table.html.erb (1.5ms)
  Rendered /home/thomas/.rvm/gems/ruby-2.0.0-p247@railstutorial_rails_4_0/gems/actionpack-4.0.0/lib/action_dispatch/middleware/templates/rescues/routing_error.erb within rescues/layout (43.8ms)


Started GET "/static_pages/about" for 10.0.3.2 at 2013-09-03 11:39:46 +0900
Processing by StaticPagesController#about as HTML
  Rendered static_pages/about.html.erb within layouts/application (0.4ms)
Completed 200 OK in 386ms (Views: 384.7ms | ActiveRecord: 0.0ms)


Started GET "/assets/application.css?body=1" for 10.0.3.2 at 2013-09-03 11:39:46 +0900


Started GET "/assets/jquery_ujs.js?body=1" for 10.0.3.2 at 2013-09-03 11:39:46 +0900


Started GET "/assets/jquery.js?body=1" for 10.0.3.2 at 2013-09-03 11:39:46 +0900


Started GET "/assets/static_pages.css?body=1" for 10.0.3.2 at 2013-09-03 11:39:47 +0900


Started GET "/assets/turbolinks.js?body=1" for 10.0.3.2 at 2013-09-03 11:39:47 +0900


Started GET "/assets/static_pages.js?body=1" for 10.0.3.2 at 2013-09-03 11:39:47 +0900


Started GET "/assets/application.js?body=1" for 10.0.3.2 at 2013-09-03 11:39:47 +0900


Started GET "/static_pages/" for 10.0.3.2 at 2013-09-03 11:39:49 +0900

ActionController::RoutingError (No route matches [GET] "/static_pages"):
  actionpack (4.0.0) lib/action_dispatch/middleware/debug_exceptions.rb:21:in `call'
  actionpack (4.0.0) lib/action_dispatch/middleware/show_exceptions.rb:30:in `call'
  railties (4.0.0) lib/rails/rack/logger.rb:38:in `call_app'
  railties (4.0.0) lib/rails/rack/logger.rb:21:in `block in call'
  activesupport (4.0.0) lib/active_support/tagged_logging.rb:67:in `block in tagged'
  activesupport (4.0.0) lib/active_support/tagged_logging.rb:25:in `tagged'
  activesupport (4.0.0) lib/active_support/tagged_logging.rb:67:in `tagged'
  railties (4.0.0) lib/rails/rack/logger.rb:21:in `call'
  actionpack (4.0.0) lib/action_dispatch/middleware/request_id.rb:21:in `call'
  rack (1.5.2) lib/rack/methodoverride.rb:21:in `call'
  rack (1.5.2) lib/rack/runtime.rb:17:in `call'
  activesupport (4.0.0) lib/active_support/cache/strategy/local_cache.rb:83:in `call'
  rack (1.5.2) lib/rack/lock.rb:17:in `call'
  actionpack (4.0.0) lib/action_dispatch/middleware/static.rb:64:in `call'
  railties (4.0.0) lib/rails/engine.rb:511:in `call'
  railties (4.0.0) lib/rails/application.rb:97:in `call'
  rack (1.5.2) lib/rack/lock.rb:17:in `call'
  rack (1.5.2) lib/rack/content_length.rb:14:in `call'
  rack (1.5.2) lib/rack/handler/webrick.rb:60:in `service'
  /home/thomas/.rvm/rubies/ruby-2.0.0-p247/lib/ruby/2.0.0/webrick/httpserver.rb:138:in `service'
  /home/thomas/.rvm/rubies/ruby-2.0.0-p247/lib/ruby/2.0.0/webrick/httpserver.rb:94:in `run'
  /home/thomas/.rvm/rubies/ruby-2.0.0-p247/lib/ruby/2.0.0/webrick/server.rb:295:in `block in start_thread'


  Rendered /home/thomas/.rvm/gems/ruby-2.0.0-p247@railstutorial_rails_4_0/gems/actionpack-4.0.0/lib/action_dispatch/middleware/templates/rescues/_trace.erb (1.4ms)
  Rendered /home/thomas/.rvm/gems/ruby-2.0.0-p247@railstutorial_rails_4_0/gems/actionpack-4.0.0/lib/action_dispatch/middleware/templates/routes/_route.html.erb (0.9ms)
  Rendered /home/thomas/.rvm/gems/ruby-2.0.0-p247@railstutorial_rails_4_0/gems/actionpack-4.0.0/lib/action_dispatch/middleware/templates/routes/_table.html.erb (1.1ms)
  Rendered /home/thomas/.rvm/gems/ruby-2.0.0-p247@railstutorial_rails_4_0/gems/actionpack-4.0.0/lib/action_dispatch/middleware/templates/rescues/routing_error.erb within rescues/layout (18.6ms)


Started GET "/static_pages/home" for 10.0.3.2 at 2013-09-03 11:39:52 +0900
Processing by StaticPagesController#home as HTML
  Rendered static_pages/home.html.erb within layouts/application (0.5ms)
Completed 200 OK in 10ms (Views: 8.8ms | ActiveRecord: 0.0ms)


Started GET "/assets/application.css?body=1" for 10.0.3.2 at 2013-09-03 11:39:52 +0900


Started GET "/assets/jquery.js?body=1" for 10.0.3.2 at 2013-09-03 11:39:52 +0900


Started GET "/assets/jquery_ujs.js?body=1" for 10.0.3.2 at 2013-09-03 11:39:52 +0900


Started GET "/assets/application.js?body=1" for 10.0.3.2 at 2013-09-03 11:39:52 +0900


Started GET "/assets/turbolinks.js?body=1" for 10.0.3.2 at 2013-09-03 11:39:52 +0900


Started GET "/static_pages/help" for 10.0.3.2 at 2013-09-03 11:39:55 +0900
Processing by StaticPagesController#help as HTML
  Rendered static_pages/help.html.erb within layouts/application (0.6ms)
Completed 200 OK in 7ms (Views: 6.3ms | ActiveRecord: 0.0ms)


Started GET "/assets/application.css?body=1" for 10.0.3.2 at 2013-09-03 11:39:56 +0900


Started GET "/assets/jquery_ujs.js?body=1" for 10.0.3.2 at 2013-09-03 11:39:56 +0900


Started GET "/assets/turbolinks.js?body=1" for 10.0.3.2 at 2013-09-03 11:39:56 +0900


Started GET "/assets/jquery.js?body=1" for 10.0.3.2 at 2013-09-03 11:39:56 +0900


Started GET "/assets/application.js?body=1" for 10.0.3.2 at 2013-09-03 11:39:56 +0900


Started GET "/static_pages/home" for 10.0.3.2 at 2013-09-03 12:44:44 +0900
Processing by StaticPagesController#home as HTML
  Rendered static_pages/home.html.erb (1.1ms)
Completed 200 OK in 7ms (Views: 6.0ms | ActiveRecord: 0.0ms)


Started GET "/static_pages/home" for 10.0.3.2 at 2013-09-03 22:07:09 +0900
Processing by StaticPagesController#home as HTML
  Rendered static_pages/home.html.erb within layouts/application (1.2ms)
Completed 200 OK in 71ms (Views: 69.6ms | ActiveRecord: 0.0ms)


Started GET "/assets/static_pages.css?body=1" for 10.0.3.2 at 2013-09-03 22:07:10 +0900


Started GET "/assets/jquery.js?body=1" for 10.0.3.2 at 2013-09-03 22:07:10 +0900


Started GET "/assets/application.css?body=1" for 10.0.3.2 at 2013-09-03 22:07:10 +0900


Started GET "/assets/turbolinks.js?body=1" for 10.0.3.2 at 2013-09-03 22:07:10 +0900


Started GET "/assets/jquery_ujs.js?body=1" for 10.0.3.2 at 2013-09-03 22:07:10 +0900


Started GET "/assets/static_pages.js?body=1" for 10.0.3.2 at 2013-09-03 22:07:10 +0900


Started GET "/assets/application.js?body=1" for 10.0.3.2 at 2013-09-03 22:07:10 +0900


Started GET "/static_pages/about" for 10.0.3.2 at 2013-09-03 22:07:17 +0900
Processing by StaticPagesController#about as HTML
  Rendered static_pages/about.html.erb within layouts/application (0.5ms)
Completed 200 OK in 5ms (Views: 4.7ms | ActiveRecord: 0.0ms)


Started GET "/assets/jquery.js?body=1" for 10.0.3.2 at 2013-09-03 22:07:17 +0900


Started GET "/assets/jquery_ujs.js?body=1" for 10.0.3.2 at 2013-09-03 22:07:17 +0900


Started GET "/assets/turbolinks.js?body=1" for 10.0.3.2 at 2013-09-03 22:07:17 +0900


Started GET "/assets/static_pages.js?body=1" for 10.0.3.2 at 2013-09-03 22:07:17 +0900


Started GET "/assets/static_pages.css?body=1" for 10.0.3.2 at 2013-09-03 22:07:17 +0900


Started GET "/assets/application.js?body=1" for 10.0.3.2 at 2013-09-03 22:07:17 +0900


Started GET "/assets/application.css?body=1" for 10.0.3.2 at 2013-09-03 22:07:17 +0900


Started GET "/static_pages/help" for 10.0.3.2 at 2013-09-03 22:07:21 +0900
Processing by StaticPagesController#help as HTML
  Rendered static_pages/help.html.erb within layouts/application (0.8ms)
Completed 200 OK in 7ms (Views: 6.0ms | ActiveRecord: 0.0ms)


Started GET "/assets/static_pages.css?body=1" for 10.0.3.2 at 2013-09-03 22:07:21 +0900


Started GET "/assets/jquery.js?body=1" for 10.0.3.2 at 2013-09-03 22:07:21 +0900


Started GET "/assets/static_pages.js?body=1" for 10.0.3.2 at 2013-09-03 22:07:21 +0900


Started GET "/assets/jquery_ujs.js?body=1" for 10.0.3.2 at 2013-09-03 22:07:21 +0900


Started GET "/assets/turbolinks.js?body=1" for 10.0.3.2 at 2013-09-03 22:07:21 +0900


Started GET "/assets/application.css?body=1" for 10.0.3.2 at 2013-09-03 22:07:21 +0900


Started GET "/assets/application.js?body=1" for 10.0.3.2 at 2013-09-03 22:07:21 +0900


Started GET "/" for 10.0.2.2 at 2013-09-04 16:44:37 +0900
Processing by Rails::WelcomeController#index as HTML
  Rendered /var/lib/gems/1.9.1/gems/railties-4.0.0/lib/rails/templates/rails/welcome/index.html.erb (1.9ms)
Completed 200 OK in 32ms (Views: 31.8ms | ActiveRecord: 0.0ms)


Started GET "/static_pages" for 10.0.2.2 at 2013-09-04 16:44:53 +0900

ActionController::RoutingError (No route matches [GET] "/static_pages"):
  actionpack (4.0.0) lib/action_dispatch/middleware/debug_exceptions.rb:21:in `call'
  actionpack (4.0.0) lib/action_dispatch/middleware/show_exceptions.rb:30:in `call'
  railties (4.0.0) lib/rails/rack/logger.rb:38:in `call_app'
  railties (4.0.0) lib/rails/rack/logger.rb:21:in `block in call'
  activesupport (4.0.0) lib/active_support/tagged_logging.rb:67:in `block in tagged'
  activesupport (4.0.0) lib/active_support/tagged_logging.rb:25:in `tagged'
  activesupport (4.0.0) lib/active_support/tagged_logging.rb:67:in `tagged'
  railties (4.0.0) lib/rails/rack/logger.rb:21:in `call'
  actionpack (4.0.0) lib/action_dispatch/middleware/request_id.rb:21:in `call'
  rack (1.5.2) lib/rack/methodoverride.rb:21:in `call'
  rack (1.5.2) lib/rack/runtime.rb:17:in `call'
  activesupport (4.0.0) lib/active_support/cache/strategy/local_cache.rb:83:in `call'
  rack (1.5.2) lib/rack/lock.rb:17:in `call'
  actionpack (4.0.0) lib/action_dispatch/middleware/static.rb:64:in `call'
  railties (4.0.0) lib/rails/engine.rb:511:in `call'
  railties (4.0.0) lib/rails/application.rb:97:in `call'
  rack (1.5.2) lib/rack/lock.rb:17:in `call'
  rack (1.5.2) lib/rack/content_length.rb:14:in `call'
  rack (1.5.2) lib/rack/handler/webrick.rb:60:in `service'
  /usr/lib/ruby/1.9.1/webrick/httpserver.rb:138:in `service'
  /usr/lib/ruby/1.9.1/webrick/httpserver.rb:94:in `run'
  /usr/lib/ruby/1.9.1/webrick/server.rb:191:in `block in start_thread'


  Rendered /var/lib/gems/1.9.1/gems/actionpack-4.0.0/lib/action_dispatch/middleware/templates/rescues/_trace.erb (0.8ms)
  Rendered /var/lib/gems/1.9.1/gems/actionpack-4.0.0/lib/action_dispatch/middleware/templates/routes/_route.html.erb (0.8ms)
  Rendered /var/lib/gems/1.9.1/gems/actionpack-4.0.0/lib/action_dispatch/middleware/templates/routes/_table.html.erb (40.6ms)
  Rendered /var/lib/gems/1.9.1/gems/actionpack-4.0.0/lib/action_dispatch/middleware/templates/rescues/routing_error.erb within rescues/layout (79.1ms)


Started GET "/static_pages/help" for 10.0.2.2 at 2013-09-04 16:44:56 +0900
Processing by StaticPagesController#help as HTML
  Rendered static_pages/help.html.erb within layouts/application (0.7ms)
Completed 200 OK in 366ms (Views: 365.0ms | ActiveRecord: 0.0ms)


Started GET "/assets/static_pages.css?body=1" for 10.0.2.2 at 2013-09-04 16:44:57 +0900


Started GET "/assets/jquery.js?body=1" for 10.0.2.2 at 2013-09-04 16:44:57 +0900


Started GET "/assets/jquery_ujs.js?body=1" for 10.0.2.2 at 2013-09-04 16:44:57 +0900


Started GET "/assets/application.css?body=1" for 10.0.2.2 at 2013-09-04 16:44:57 +0900


Started GET "/assets/static_pages.js?body=1" for 10.0.2.2 at 2013-09-04 16:44:57 +0900


Started GET "/assets/application.js?body=1" for 10.0.2.2 at 2013-09-04 16:44:57 +0900


Started GET "/assets/turbolinks.js?body=1" for 10.0.2.2 at 2013-09-04 16:44:57 +0900


Started GET "/static_pages/About" for 10.0.2.2 at 2013-09-04 16:45:00 +0900

ActionController::RoutingError (No route matches [GET] "/static_pages/About"):
  actionpack (4.0.0) lib/action_dispatch/middleware/debug_exceptions.rb:21:in `call'
  actionpack (4.0.0) lib/action_dispatch/middleware/show_exceptions.rb:30:in `call'
  railties (4.0.0) lib/rails/rack/logger.rb:38:in `call_app'
  railties (4.0.0) lib/rails/rack/logger.rb:21:in `block in call'
  activesupport (4.0.0) lib/active_support/tagged_logging.rb:67:in `block in tagged'
  activesupport (4.0.0) lib/active_support/tagged_logging.rb:25:in `tagged'
  activesupport (4.0.0) lib/active_support/tagged_logging.rb:67:in `tagged'
  railties (4.0.0) lib/rails/rack/logger.rb:21:in `call'
  actionpack (4.0.0) lib/action_dispatch/middleware/request_id.rb:21:in `call'
  rack (1.5.2) lib/rack/methodoverride.rb:21:in `call'
  rack (1.5.2) lib/rack/runtime.rb:17:in `call'
  activesupport (4.0.0) lib/active_support/cache/strategy/local_cache.rb:83:in `call'
  rack (1.5.2) lib/rack/lock.rb:17:in `call'
  actionpack (4.0.0) lib/action_dispatch/middleware/static.rb:64:in `call'
  railties (4.0.0) lib/rails/engine.rb:511:in `call'
  railties (4.0.0) lib/rails/application.rb:97:in `call'
  rack (1.5.2) lib/rack/lock.rb:17:in `call'
  rack (1.5.2) lib/rack/content_length.rb:14:in `call'
  rack (1.5.2) lib/rack/handler/webrick.rb:60:in `service'
  /usr/lib/ruby/1.9.1/webrick/httpserver.rb:138:in `service'
  /usr/lib/ruby/1.9.1/webrick/httpserver.rb:94:in `run'
  /usr/lib/ruby/1.9.1/webrick/server.rb:191:in `block in start_thread'


  Rendered /var/lib/gems/1.9.1/gems/actionpack-4.0.0/lib/action_dispatch/middleware/templates/rescues/_trace.erb (2.0ms)
  Rendered /var/lib/gems/1.9.1/gems/actionpack-4.0.0/lib/action_dispatch/middleware/templates/routes/_route.html.erb (0.5ms)
  Rendered /var/lib/gems/1.9.1/gems/actionpack-4.0.0/lib/action_dispatch/middleware/templates/routes/_table.html.erb (0.8ms)
  Rendered /var/lib/gems/1.9.1/gems/actionpack-4.0.0/lib/action_dispatch/middleware/templates/rescues/routing_error.erb within rescues/layout (19.0ms)


Started GET "/static_pages/about" for 10.0.2.2 at 2013-09-04 16:45:03 +0900
Processing by StaticPagesController#about as HTML
  Rendered static_pages/about.html.erb within layouts/application (0.2ms)
Completed 200 OK in 7ms (Views: 6.1ms | ActiveRecord: 0.0ms)


Started GET "/assets/application.css?body=1" for 10.0.2.2 at 2013-09-04 16:45:03 +0900


Started GET "/assets/application.js?body=1" for 10.0.2.2 at 2013-09-04 16:45:03 +0900
